<?xml version="1.0" encoding="UTF-8"?>
<testsuite name="model.TestPublicationEnabledDays" time="0.015" tests="6" errors="6" skipped="0" failures="0">
  <properties>
    <property name="java.runtime.name" value="Java(TM) SE Runtime Environment"/>
    <property name="sun.boot.library.path" value="/usr/lib/jvm/java-8-oracle/jre/lib/amd64"/>
    <property name="java.vm.version" value="25.161-b12"/>
    <property name="java.vm.vendor" value="Oracle Corporation"/>
    <property name="maven.multiModuleProjectDirectory" value="/home/nc/dev/dapp/dapp_carpnd/backend/carpnd"/>
    <property name="java.vendor.url" value="http://java.oracle.com/"/>
    <property name="path.separator" value=":"/>
    <property name="guice.disable.misplaced.annotation.check" value="true"/>
    <property name="java.vm.name" value="Java HotSpot(TM) 64-Bit Server VM"/>
    <property name="file.encoding.pkg" value="sun.io"/>
    <property name="user.country" value="US"/>
    <property name="sun.java.launcher" value="SUN_STANDARD"/>
    <property name="sun.os.patch.level" value="unknown"/>
    <property name="java.vm.specification.name" value="Java Virtual Machine Specification"/>
    <property name="user.dir" value="/home/nc/dev/dapp/dapp_carpnd/backend/carpnd"/>
    <property name="java.runtime.version" value="1.8.0_161-b12"/>
    <property name="java.awt.graphicsenv" value="sun.awt.X11GraphicsEnvironment"/>
    <property name="java.endorsed.dirs" value="/usr/lib/jvm/java-8-oracle/jre/lib/endorsed"/>
    <property name="os.arch" value="amd64"/>
    <property name="java.io.tmpdir" value="/tmp"/>
    <property name="line.separator" value="&#10;"/>
    <property name="java.vm.specification.vendor" value="Oracle Corporation"/>
    <property name="os.name" value="Linux"/>
    <property name="net.sourceforge.cobertura.datafile" value="/home/nc/dev/dapp/dapp_carpnd/backend/carpnd/target/cobertura/cobertura.ser"/>
    <property name="classworlds.conf" value="/usr/share/maven/bin/m2.conf"/>
    <property name="sun.jnu.encoding" value="UTF-8"/>
    <property name="java.library.path" value="/usr/java/packages/lib/amd64:/usr/lib64:/lib64:/lib:/usr/lib"/>
    <property name="java.specification.name" value="Java Platform API Specification"/>
    <property name="java.class.version" value="52.0"/>
    <property name="sun.management.compiler" value="HotSpot 64-Bit Tiered Compilers"/>
    <property name="os.version" value="4.13.0-38-generic"/>
    <property name="user.home" value="/home/nc"/>
    <property name="user.timezone" value="America/Argentina/Buenos_Aires"/>
    <property name="java.awt.printerjob" value="sun.print.PSPrinterJob"/>
    <property name="java.specification.version" value="1.8"/>
    <property name="file.encoding" value="UTF-8"/>
    <property name="user.name" value="nc"/>
    <property name="java.class.path" value="/usr/share/maven/boot/plexus-classworlds-2.x.jar"/>
    <property name="java.vm.specification.version" value="1.8"/>
    <property name="sun.arch.data.model" value="64"/>
    <property name="java.home" value="/usr/lib/jvm/java-8-oracle/jre"/>
    <property name="sun.java.command" value="org.codehaus.plexus.classworlds.launcher.Launcher cobertura:cobertura"/>
    <property name="java.specification.vendor" value="Oracle Corporation"/>
    <property name="user.language" value="en"/>
    <property name="awt.toolkit" value="sun.awt.X11.XToolkit"/>
    <property name="java.vm.info" value="mixed mode"/>
    <property name="java.version" value="1.8.0_161"/>
    <property name="java.ext.dirs" value="/usr/lib/jvm/java-8-oracle/jre/lib/ext:/usr/java/packages/lib/ext"/>
    <property name="securerandom.source" value="file:/dev/./urandom"/>
    <property name="sun.boot.class.path" value="/usr/lib/jvm/java-8-oracle/jre/lib/resources.jar:/usr/lib/jvm/java-8-oracle/jre/lib/rt.jar:/usr/lib/jvm/java-8-oracle/jre/lib/sunrsasign.jar:/usr/lib/jvm/java-8-oracle/jre/lib/jsse.jar:/usr/lib/jvm/java-8-oracle/jre/lib/jce.jar:/usr/lib/jvm/java-8-oracle/jre/lib/charsets.jar:/usr/lib/jvm/java-8-oracle/jre/lib/jfr.jar:/usr/lib/jvm/java-8-oracle/jre/classes"/>
    <property name="java.vendor" value="Oracle Corporation"/>
    <property name="maven.home" value="/usr/share/maven"/>
    <property name="file.separator" value="/"/>
    <property name="java.vendor.url.bug" value="http://bugreport.sun.com/bugreport/"/>
    <property name="sun.cpu.endian" value="little"/>
    <property name="sun.io.unicode.encoding" value="UnicodeLittle"/>
    <property name="project.build.outputDirectory" value="/home/nc/dev/dapp/dapp_carpnd/backend/carpnd/target/generated-classes/cobertura"/>
    <property name="sun.desktop" value="gnome"/>
    <property name="sun.cpu.isalist" value=""/>
  </properties>
  <testcase name="testReleasedDaysReservedShowsAsEnabled" classname="model.TestPublicationEnabledDays" time="0.013">
    <error message="Expecting a stackmap frame at branch target 77&#10;Exception Details:&#10;  Location:&#10;    model/PublicationsEnabledDays.reserveDay(Ljava/time/LocalDate;)V @32: ifeq&#10;  Reason:&#10;    Expected stackmap frame at this location.&#10;  Bytecode:&#10;    0x0000000: 033d 11ff ff3e 120f 1100 18b8 0015 2ab4&#10;    0x0000010: 001c 2bb9 0031 0200 1100 183d 1100 003e&#10;    0x0000020: 9900 2d1c 1100 18a0 0016 1d11 0000 a000&#10;    0x0000030: 0f12 0f1c 1d04 b800 3511 ffff 3e12 0f11&#10;    0x0000040: 0019 b800 15bb 0029 59b7 0036 bf1d 9b00&#10;    0x0000050: 0f12 0f1c 1d03 b800 3511 ffff 3e12 0f11&#10;    0x0000060: 001b b800 152a b400 1e2b b900 3102 0011&#10;    0x0000070: 001b 3d11 0000 3e99 002d 1c11 001b a000&#10;    0x0000080: 161d 1100 00a0 000f 120f 1c1d 04b8 0035&#10;    0x0000090: 11ff ff3e 120f 1100 1cb8 0015 bb00 2b59&#10;    0x00000a0: b700 37bf 1d9b 000f 120f 1c1d 03b8 0035&#10;    0x00000b0: 11ff ff3e 120f 1100 1eb8 0015 2ab4 001e&#10;    0x00000c0: 2bb9 003a 0200 5712 0f11 001f b800 15b1&#10;    0x00000d0:                                        &#10;  Stackmap Table:&#10;    same_frame_extended(@101)&#10;    same_frame_extended(@188)&#10;" type="java.lang.VerifyError">java.lang.VerifyError: Expecting a stackmap frame at branch target 77
Exception Details:
  Location:
    model/PublicationsEnabledDays.reserveDay(Ljava/time/LocalDate;)V @32: ifeq
  Reason:
    Expected stackmap frame at this location.
  Bytecode:
    0x0000000: 033d 11ff ff3e 120f 1100 18b8 0015 2ab4
    0x0000010: 001c 2bb9 0031 0200 1100 183d 1100 003e
    0x0000020: 9900 2d1c 1100 18a0 0016 1d11 0000 a000
    0x0000030: 0f12 0f1c 1d04 b800 3511 ffff 3e12 0f11
    0x0000040: 0019 b800 15bb 0029 59b7 0036 bf1d 9b00
    0x0000050: 0f12 0f1c 1d03 b800 3511 ffff 3e12 0f11
    0x0000060: 001b b800 152a b400 1e2b b900 3102 0011
    0x0000070: 001b 3d11 0000 3e99 002d 1c11 001b a000
    0x0000080: 161d 1100 00a0 000f 120f 1c1d 04b8 0035
    0x0000090: 11ff ff3e 120f 1100 1cb8 0015 bb00 2b59
    0x00000a0: b700 37bf 1d9b 000f 120f 1c1d 03b8 0035
    0x00000b0: 11ff ff3e 120f 1100 1eb8 0015 2ab4 001e
    0x00000c0: 2bb9 003a 0200 5712 0f11 001f b800 15b1
    0x00000d0:                                        
  Stackmap Table:
    same_frame_extended(@101)
    same_frame_extended(@188)

	at model.TestPublicationEnabledDays.testReleasedDaysReservedShowsAsEnabled(TestPublicationEnabledDays.java:86)
</error>
  </testcase>
  <testcase name="testSetSomeDaysDisabledAndThatDaysCannotBeReserved" classname="model.TestPublicationEnabledDays" time="0">
    <error message="Expecting a stackmap frame at branch target 77&#10;Exception Details:&#10;  Location:&#10;    model/PublicationsEnabledDays.reserveDay(Ljava/time/LocalDate;)V @32: ifeq&#10;  Reason:&#10;    Expected stackmap frame at this location.&#10;  Bytecode:&#10;    0x0000000: 033d 11ff ff3e 120f 1100 18b8 0015 2ab4&#10;    0x0000010: 001c 2bb9 0031 0200 1100 183d 1100 003e&#10;    0x0000020: 9900 2d1c 1100 18a0 0016 1d11 0000 a000&#10;    0x0000030: 0f12 0f1c 1d04 b800 3511 ffff 3e12 0f11&#10;    0x0000040: 0019 b800 15bb 0029 59b7 0036 bf1d 9b00&#10;    0x0000050: 0f12 0f1c 1d03 b800 3511 ffff 3e12 0f11&#10;    0x0000060: 001b b800 152a b400 1e2b b900 3102 0011&#10;    0x0000070: 001b 3d11 0000 3e99 002d 1c11 001b a000&#10;    0x0000080: 161d 1100 00a0 000f 120f 1c1d 04b8 0035&#10;    0x0000090: 11ff ff3e 120f 1100 1cb8 0015 bb00 2b59&#10;    0x00000a0: b700 37bf 1d9b 000f 120f 1c1d 03b8 0035&#10;    0x00000b0: 11ff ff3e 120f 1100 1eb8 0015 2ab4 001e&#10;    0x00000c0: 2bb9 003a 0200 5712 0f11 001f b800 15b1&#10;    0x00000d0:                                        &#10;  Stackmap Table:&#10;    same_frame_extended(@101)&#10;    same_frame_extended(@188)&#10;" type="java.lang.VerifyError">java.lang.VerifyError: Expecting a stackmap frame at branch target 77
Exception Details:
  Location:
    model/PublicationsEnabledDays.reserveDay(Ljava/time/LocalDate;)V @32: ifeq
  Reason:
    Expected stackmap frame at this location.
  Bytecode:
    0x0000000: 033d 11ff ff3e 120f 1100 18b8 0015 2ab4
    0x0000010: 001c 2bb9 0031 0200 1100 183d 1100 003e
    0x0000020: 9900 2d1c 1100 18a0 0016 1d11 0000 a000
    0x0000030: 0f12 0f1c 1d04 b800 3511 ffff 3e12 0f11
    0x0000040: 0019 b800 15bb 0029 59b7 0036 bf1d 9b00
    0x0000050: 0f12 0f1c 1d03 b800 3511 ffff 3e12 0f11
    0x0000060: 001b b800 152a b400 1e2b b900 3102 0011
    0x0000070: 001b 3d11 0000 3e99 002d 1c11 001b a000
    0x0000080: 161d 1100 00a0 000f 120f 1c1d 04b8 0035
    0x0000090: 11ff ff3e 120f 1100 1cb8 0015 bb00 2b59
    0x00000a0: b700 37bf 1d9b 000f 120f 1c1d 03b8 0035
    0x00000b0: 11ff ff3e 120f 1100 1eb8 0015 2ab4 001e
    0x00000c0: 2bb9 003a 0200 5712 0f11 001f b800 15b1
    0x00000d0:                                        
  Stackmap Table:
    same_frame_extended(@101)
    same_frame_extended(@188)

	at model.TestPublicationEnabledDays.testSetSomeDaysDisabledAndThatDaysCannotBeReserved(TestPublicationEnabledDays.java:28)
</error>
  </testcase>
  <testcase name="testCheckIfSomeDayReservedCannotBeReserved" classname="model.TestPublicationEnabledDays" time="0">
    <error message="Expecting a stackmap frame at branch target 77&#10;Exception Details:&#10;  Location:&#10;    model/PublicationsEnabledDays.reserveDay(Ljava/time/LocalDate;)V @32: ifeq&#10;  Reason:&#10;    Expected stackmap frame at this location.&#10;  Bytecode:&#10;    0x0000000: 033d 11ff ff3e 120f 1100 18b8 0015 2ab4&#10;    0x0000010: 001c 2bb9 0031 0200 1100 183d 1100 003e&#10;    0x0000020: 9900 2d1c 1100 18a0 0016 1d11 0000 a000&#10;    0x0000030: 0f12 0f1c 1d04 b800 3511 ffff 3e12 0f11&#10;    0x0000040: 0019 b800 15bb 0029 59b7 0036 bf1d 9b00&#10;    0x0000050: 0f12 0f1c 1d03 b800 3511 ffff 3e12 0f11&#10;    0x0000060: 001b b800 152a b400 1e2b b900 3102 0011&#10;    0x0000070: 001b 3d11 0000 3e99 002d 1c11 001b a000&#10;    0x0000080: 161d 1100 00a0 000f 120f 1c1d 04b8 0035&#10;    0x0000090: 11ff ff3e 120f 1100 1cb8 0015 bb00 2b59&#10;    0x00000a0: b700 37bf 1d9b 000f 120f 1c1d 03b8 0035&#10;    0x00000b0: 11ff ff3e 120f 1100 1eb8 0015 2ab4 001e&#10;    0x00000c0: 2bb9 003a 0200 5712 0f11 001f b800 15b1&#10;    0x00000d0:                                        &#10;  Stackmap Table:&#10;    same_frame_extended(@101)&#10;    same_frame_extended(@188)&#10;" type="java.lang.VerifyError">java.lang.VerifyError: Expecting a stackmap frame at branch target 77
Exception Details:
  Location:
    model/PublicationsEnabledDays.reserveDay(Ljava/time/LocalDate;)V @32: ifeq
  Reason:
    Expected stackmap frame at this location.
  Bytecode:
    0x0000000: 033d 11ff ff3e 120f 1100 18b8 0015 2ab4
    0x0000010: 001c 2bb9 0031 0200 1100 183d 1100 003e
    0x0000020: 9900 2d1c 1100 18a0 0016 1d11 0000 a000
    0x0000030: 0f12 0f1c 1d04 b800 3511 ffff 3e12 0f11
    0x0000040: 0019 b800 15bb 0029 59b7 0036 bf1d 9b00
    0x0000050: 0f12 0f1c 1d03 b800 3511 ffff 3e12 0f11
    0x0000060: 001b b800 152a b400 1e2b b900 3102 0011
    0x0000070: 001b 3d11 0000 3e99 002d 1c11 001b a000
    0x0000080: 161d 1100 00a0 000f 120f 1c1d 04b8 0035
    0x0000090: 11ff ff3e 120f 1100 1cb8 0015 bb00 2b59
    0x00000a0: b700 37bf 1d9b 000f 120f 1c1d 03b8 0035
    0x00000b0: 11ff ff3e 120f 1100 1eb8 0015 2ab4 001e
    0x00000c0: 2bb9 003a 0200 5712 0f11 001f b800 15b1
    0x00000d0:                                        
  Stackmap Table:
    same_frame_extended(@101)
    same_frame_extended(@188)

	at model.TestPublicationEnabledDays.testCheckIfSomeDayReservedCannotBeReserved(TestPublicationEnabledDays.java:72)
</error>
  </testcase>
  <testcase name="testReserveSomeDaysAndThatsDaysCannotBeReservedAgain" classname="model.TestPublicationEnabledDays" time="0">
    <error message="Expecting a stackmap frame at branch target 77&#10;Exception Details:&#10;  Location:&#10;    model/PublicationsEnabledDays.reserveDay(Ljava/time/LocalDate;)V @32: ifeq&#10;  Reason:&#10;    Expected stackmap frame at this location.&#10;  Bytecode:&#10;    0x0000000: 033d 11ff ff3e 120f 1100 18b8 0015 2ab4&#10;    0x0000010: 001c 2bb9 0031 0200 1100 183d 1100 003e&#10;    0x0000020: 9900 2d1c 1100 18a0 0016 1d11 0000 a000&#10;    0x0000030: 0f12 0f1c 1d04 b800 3511 ffff 3e12 0f11&#10;    0x0000040: 0019 b800 15bb 0029 59b7 0036 bf1d 9b00&#10;    0x0000050: 0f12 0f1c 1d03 b800 3511 ffff 3e12 0f11&#10;    0x0000060: 001b b800 152a b400 1e2b b900 3102 0011&#10;    0x0000070: 001b 3d11 0000 3e99 002d 1c11 001b a000&#10;    0x0000080: 161d 1100 00a0 000f 120f 1c1d 04b8 0035&#10;    0x0000090: 11ff ff3e 120f 1100 1cb8 0015 bb00 2b59&#10;    0x00000a0: b700 37bf 1d9b 000f 120f 1c1d 03b8 0035&#10;    0x00000b0: 11ff ff3e 120f 1100 1eb8 0015 2ab4 001e&#10;    0x00000c0: 2bb9 003a 0200 5712 0f11 001f b800 15b1&#10;    0x00000d0:                                        &#10;  Stackmap Table:&#10;    same_frame_extended(@101)&#10;    same_frame_extended(@188)&#10;" type="java.lang.VerifyError">java.lang.VerifyError: Expecting a stackmap frame at branch target 77
Exception Details:
  Location:
    model/PublicationsEnabledDays.reserveDay(Ljava/time/LocalDate;)V @32: ifeq
  Reason:
    Expected stackmap frame at this location.
  Bytecode:
    0x0000000: 033d 11ff ff3e 120f 1100 18b8 0015 2ab4
    0x0000010: 001c 2bb9 0031 0200 1100 183d 1100 003e
    0x0000020: 9900 2d1c 1100 18a0 0016 1d11 0000 a000
    0x0000030: 0f12 0f1c 1d04 b800 3511 ffff 3e12 0f11
    0x0000040: 0019 b800 15bb 0029 59b7 0036 bf1d 9b00
    0x0000050: 0f12 0f1c 1d03 b800 3511 ffff 3e12 0f11
    0x0000060: 001b b800 152a b400 1e2b b900 3102 0011
    0x0000070: 001b 3d11 0000 3e99 002d 1c11 001b a000
    0x0000080: 161d 1100 00a0 000f 120f 1c1d 04b8 0035
    0x0000090: 11ff ff3e 120f 1100 1cb8 0015 bb00 2b59
    0x00000a0: b700 37bf 1d9b 000f 120f 1c1d 03b8 0035
    0x00000b0: 11ff ff3e 120f 1100 1eb8 0015 2ab4 001e
    0x00000c0: 2bb9 003a 0200 5712 0f11 001f b800 15b1
    0x00000d0:                                        
  Stackmap Table:
    same_frame_extended(@101)
    same_frame_extended(@188)

	at model.TestPublicationEnabledDays.testReserveSomeDaysAndThatsDaysCannotBeReservedAgain(TestPublicationEnabledDays.java:51)
</error>
  </testcase>
  <testcase name="testStartsWithAllDaysEnabled" classname="model.TestPublicationEnabledDays" time="0.001">
    <error message="Expecting a stackmap frame at branch target 77&#10;Exception Details:&#10;  Location:&#10;    model/PublicationsEnabledDays.reserveDay(Ljava/time/LocalDate;)V @32: ifeq&#10;  Reason:&#10;    Expected stackmap frame at this location.&#10;  Bytecode:&#10;    0x0000000: 033d 11ff ff3e 120f 1100 18b8 0015 2ab4&#10;    0x0000010: 001c 2bb9 0031 0200 1100 183d 1100 003e&#10;    0x0000020: 9900 2d1c 1100 18a0 0016 1d11 0000 a000&#10;    0x0000030: 0f12 0f1c 1d04 b800 3511 ffff 3e12 0f11&#10;    0x0000040: 0019 b800 15bb 0029 59b7 0036 bf1d 9b00&#10;    0x0000050: 0f12 0f1c 1d03 b800 3511 ffff 3e12 0f11&#10;    0x0000060: 001b b800 152a b400 1e2b b900 3102 0011&#10;    0x0000070: 001b 3d11 0000 3e99 002d 1c11 001b a000&#10;    0x0000080: 161d 1100 00a0 000f 120f 1c1d 04b8 0035&#10;    0x0000090: 11ff ff3e 120f 1100 1cb8 0015 bb00 2b59&#10;    0x00000a0: b700 37bf 1d9b 000f 120f 1c1d 03b8 0035&#10;    0x00000b0: 11ff ff3e 120f 1100 1eb8 0015 2ab4 001e&#10;    0x00000c0: 2bb9 003a 0200 5712 0f11 001f b800 15b1&#10;    0x00000d0:                                        &#10;  Stackmap Table:&#10;    same_frame_extended(@101)&#10;    same_frame_extended(@188)&#10;" type="java.lang.VerifyError">java.lang.VerifyError: Expecting a stackmap frame at branch target 77
Exception Details:
  Location:
    model/PublicationsEnabledDays.reserveDay(Ljava/time/LocalDate;)V @32: ifeq
  Reason:
    Expected stackmap frame at this location.
  Bytecode:
    0x0000000: 033d 11ff ff3e 120f 1100 18b8 0015 2ab4
    0x0000010: 001c 2bb9 0031 0200 1100 183d 1100 003e
    0x0000020: 9900 2d1c 1100 18a0 0016 1d11 0000 a000
    0x0000030: 0f12 0f1c 1d04 b800 3511 ffff 3e12 0f11
    0x0000040: 0019 b800 15bb 0029 59b7 0036 bf1d 9b00
    0x0000050: 0f12 0f1c 1d03 b800 3511 ffff 3e12 0f11
    0x0000060: 001b b800 152a b400 1e2b b900 3102 0011
    0x0000070: 001b 3d11 0000 3e99 002d 1c11 001b a000
    0x0000080: 161d 1100 00a0 000f 120f 1c1d 04b8 0035
    0x0000090: 11ff ff3e 120f 1100 1cb8 0015 bb00 2b59
    0x00000a0: b700 37bf 1d9b 000f 120f 1c1d 03b8 0035
    0x00000b0: 11ff ff3e 120f 1100 1eb8 0015 2ab4 001e
    0x00000c0: 2bb9 003a 0200 5712 0f11 001f b800 15b1
    0x00000d0:                                        
  Stackmap Table:
    same_frame_extended(@101)
    same_frame_extended(@188)

	at model.TestPublicationEnabledDays.testStartsWithAllDaysEnabled(TestPublicationEnabledDays.java:22)
</error>
  </testcase>
  <testcase name="testCheckIfSomeDayCanBeReserved" classname="model.TestPublicationEnabledDays" time="0.001">
    <error message="Expecting a stackmap frame at branch target 77&#10;Exception Details:&#10;  Location:&#10;    model/PublicationsEnabledDays.reserveDay(Ljava/time/LocalDate;)V @32: ifeq&#10;  Reason:&#10;    Expected stackmap frame at this location.&#10;  Bytecode:&#10;    0x0000000: 033d 11ff ff3e 120f 1100 18b8 0015 2ab4&#10;    0x0000010: 001c 2bb9 0031 0200 1100 183d 1100 003e&#10;    0x0000020: 9900 2d1c 1100 18a0 0016 1d11 0000 a000&#10;    0x0000030: 0f12 0f1c 1d04 b800 3511 ffff 3e12 0f11&#10;    0x0000040: 0019 b800 15bb 0029 59b7 0036 bf1d 9b00&#10;    0x0000050: 0f12 0f1c 1d03 b800 3511 ffff 3e12 0f11&#10;    0x0000060: 001b b800 152a b400 1e2b b900 3102 0011&#10;    0x0000070: 001b 3d11 0000 3e99 002d 1c11 001b a000&#10;    0x0000080: 161d 1100 00a0 000f 120f 1c1d 04b8 0035&#10;    0x0000090: 11ff ff3e 120f 1100 1cb8 0015 bb00 2b59&#10;    0x00000a0: b700 37bf 1d9b 000f 120f 1c1d 03b8 0035&#10;    0x00000b0: 11ff ff3e 120f 1100 1eb8 0015 2ab4 001e&#10;    0x00000c0: 2bb9 003a 0200 5712 0f11 001f b800 15b1&#10;    0x00000d0:                                        &#10;  Stackmap Table:&#10;    same_frame_extended(@101)&#10;    same_frame_extended(@188)&#10;" type="java.lang.VerifyError">java.lang.VerifyError: Expecting a stackmap frame at branch target 77
Exception Details:
  Location:
    model/PublicationsEnabledDays.reserveDay(Ljava/time/LocalDate;)V @32: ifeq
  Reason:
    Expected stackmap frame at this location.
  Bytecode:
    0x0000000: 033d 11ff ff3e 120f 1100 18b8 0015 2ab4
    0x0000010: 001c 2bb9 0031 0200 1100 183d 1100 003e
    0x0000020: 9900 2d1c 1100 18a0 0016 1d11 0000 a000
    0x0000030: 0f12 0f1c 1d04 b800 3511 ffff 3e12 0f11
    0x0000040: 0019 b800 15bb 0029 59b7 0036 bf1d 9b00
    0x0000050: 0f12 0f1c 1d03 b800 3511 ffff 3e12 0f11
    0x0000060: 001b b800 152a b400 1e2b b900 3102 0011
    0x0000070: 001b 3d11 0000 3e99 002d 1c11 001b a000
    0x0000080: 161d 1100 00a0 000f 120f 1c1d 04b8 0035
    0x0000090: 11ff ff3e 120f 1100 1cb8 0015 bb00 2b59
    0x00000a0: b700 37bf 1d9b 000f 120f 1c1d 03b8 0035
    0x00000b0: 11ff ff3e 120f 1100 1eb8 0015 2ab4 001e
    0x00000c0: 2bb9 003a 0200 5712 0f11 001f b800 15b1
    0x00000d0:                                        
  Stackmap Table:
    same_frame_extended(@101)
    same_frame_extended(@188)

	at model.TestPublicationEnabledDays.testCheckIfSomeDayCanBeReserved(TestPublicationEnabledDays.java:64)
</error>
  </testcase>
</testsuite>