<?xml version="1.0" encoding="UTF-8"?>
<testsuite name="model.TestCreditAcount" time="0.144" tests="4" errors="1" skipped="0" failures="0">
  <properties>
    <property name="java.runtime.name" value="Java(TM) SE Runtime Environment"/>
    <property name="sun.boot.library.path" value="/usr/lib/jvm/java-8-oracle/jre/lib/amd64"/>
    <property name="java.vm.version" value="25.161-b12"/>
    <property name="java.vm.vendor" value="Oracle Corporation"/>
    <property name="maven.multiModuleProjectDirectory" value="/home/nc/dev/dapp/dapp_carpnd/backend/carpnd"/>
    <property name="java.vendor.url" value="http://java.oracle.com/"/>
    <property name="path.separator" value=":"/>
    <property name="guice.disable.misplaced.annotation.check" value="true"/>
    <property name="java.vm.name" value="Java HotSpot(TM) 64-Bit Server VM"/>
    <property name="file.encoding.pkg" value="sun.io"/>
    <property name="user.country" value="US"/>
    <property name="sun.java.launcher" value="SUN_STANDARD"/>
    <property name="sun.os.patch.level" value="unknown"/>
    <property name="java.vm.specification.name" value="Java Virtual Machine Specification"/>
    <property name="user.dir" value="/home/nc/dev/dapp/dapp_carpnd/backend/carpnd"/>
    <property name="java.runtime.version" value="1.8.0_161-b12"/>
    <property name="java.awt.graphicsenv" value="sun.awt.X11GraphicsEnvironment"/>
    <property name="java.endorsed.dirs" value="/usr/lib/jvm/java-8-oracle/jre/lib/endorsed"/>
    <property name="os.arch" value="amd64"/>
    <property name="java.io.tmpdir" value="/tmp"/>
    <property name="line.separator" value="&#10;"/>
    <property name="java.vm.specification.vendor" value="Oracle Corporation"/>
    <property name="os.name" value="Linux"/>
    <property name="net.sourceforge.cobertura.datafile" value="/home/nc/dev/dapp/dapp_carpnd/backend/carpnd/target/cobertura/cobertura.ser"/>
    <property name="classworlds.conf" value="/usr/share/maven/bin/m2.conf"/>
    <property name="sun.jnu.encoding" value="UTF-8"/>
    <property name="java.library.path" value="/usr/java/packages/lib/amd64:/usr/lib64:/lib64:/lib:/usr/lib"/>
    <property name="java.specification.name" value="Java Platform API Specification"/>
    <property name="java.class.version" value="52.0"/>
    <property name="sun.management.compiler" value="HotSpot 64-Bit Tiered Compilers"/>
    <property name="os.version" value="4.13.0-38-generic"/>
    <property name="user.home" value="/home/nc"/>
    <property name="user.timezone" value="America/Argentina/Buenos_Aires"/>
    <property name="java.awt.printerjob" value="sun.print.PSPrinterJob"/>
    <property name="java.specification.version" value="1.8"/>
    <property name="file.encoding" value="UTF-8"/>
    <property name="user.name" value="nc"/>
    <property name="java.class.path" value="/usr/share/maven/boot/plexus-classworlds-2.x.jar"/>
    <property name="java.vm.specification.version" value="1.8"/>
    <property name="sun.arch.data.model" value="64"/>
    <property name="java.home" value="/usr/lib/jvm/java-8-oracle/jre"/>
    <property name="sun.java.command" value="org.codehaus.plexus.classworlds.launcher.Launcher cobertura:cobertura"/>
    <property name="java.specification.vendor" value="Oracle Corporation"/>
    <property name="user.language" value="en"/>
    <property name="awt.toolkit" value="sun.awt.X11.XToolkit"/>
    <property name="java.vm.info" value="mixed mode"/>
    <property name="java.version" value="1.8.0_161"/>
    <property name="java.ext.dirs" value="/usr/lib/jvm/java-8-oracle/jre/lib/ext:/usr/java/packages/lib/ext"/>
    <property name="securerandom.source" value="file:/dev/./urandom"/>
    <property name="sun.boot.class.path" value="/usr/lib/jvm/java-8-oracle/jre/lib/resources.jar:/usr/lib/jvm/java-8-oracle/jre/lib/rt.jar:/usr/lib/jvm/java-8-oracle/jre/lib/sunrsasign.jar:/usr/lib/jvm/java-8-oracle/jre/lib/jsse.jar:/usr/lib/jvm/java-8-oracle/jre/lib/jce.jar:/usr/lib/jvm/java-8-oracle/jre/lib/charsets.jar:/usr/lib/jvm/java-8-oracle/jre/lib/jfr.jar:/usr/lib/jvm/java-8-oracle/jre/classes"/>
    <property name="java.vendor" value="Oracle Corporation"/>
    <property name="maven.home" value="/usr/share/maven"/>
    <property name="file.separator" value="/"/>
    <property name="java.vendor.url.bug" value="http://bugreport.sun.com/bugreport/"/>
    <property name="sun.cpu.endian" value="little"/>
    <property name="sun.io.unicode.encoding" value="UnicodeLittle"/>
    <property name="project.build.outputDirectory" value="/home/nc/dev/dapp/dapp_carpnd/backend/carpnd/target/generated-classes/cobertura"/>
    <property name="sun.desktop" value="gnome"/>
    <property name="sun.cpu.isalist" value=""/>
  </properties>
  <testcase name="whenAPayIsConfirmedTheMoneyIsTransferedFromOneUserToOther" classname="model.TestCreditAcount" time="0"/>
  <testcase name="canAddMoneyToTheAccount" classname="model.TestCreditAcount" time="0"/>
  <testcase name="whenATransactionIsMadeMoneyIsReservedForThatReservationButIsNotDebited" classname="model.TestCreditAcount" time="0.144">
    <error message="Expecting a stackmap frame at branch target 69&#10;Exception Details:&#10;  Location:&#10;    model/CreditAccount.reserveMoney(Lmodel/MoneyAndAmount;Lmodel/Reservation;)V @32: ifne&#10;  Reason:&#10;    Expected stackmap frame at this location.&#10;  Bytecode:&#10;    0x0000000: 033e 11ff ff36 0412 1011 0019 b800 162a&#10;    0x0000010: b400 2c2b b600 4911 0019 3e11 0000 3604&#10;    0x0000020: 9a00 2512 101d 1504 04b8 004d 11ff ff36&#10;    0x0000030: 042a b400 2c2b b600 5111 0019 3e11 0001&#10;    0x0000040: 3604 9900 621d 1100 19a0 001c 1504 1100&#10;    0x0000050: 01a0 0014 1210 1d15 0404 b800 4d11 ffff&#10;    0x0000060: 3604 a700 1615 049b 0011 1210 1d15 0403&#10;    0x0000070: b800 4d11 ffff 3604 1210 1100 1ab8 0016&#10;    0x0000080: 2ab4 002c 2bb6 0054 1210 1100 1bb8 0016&#10;    0x0000090: 2ab4 0031 bb00 5659 2b2c b700 58b6 005a&#10;    0x00000a0: 57a7 0026 1504 9b00 1112 101d 1504 03b8&#10;    0x00000b0: 004d 11ff ff36 0412 1011 001d b800 16bb&#10;    0x00000c0: 0045 59b7 005b bf12 1011 001f b800 16b1&#10;    0x00000d0:                                        &#10;  Stackmap Table:&#10;    same_frame_extended(@128)&#10;    same_frame(@191)&#10;    same_frame(@207)&#10;" type="java.lang.VerifyError">java.lang.VerifyError: Expecting a stackmap frame at branch target 69
Exception Details:
  Location:
    model/CreditAccount.reserveMoney(Lmodel/MoneyAndAmount;Lmodel/Reservation;)V @32: ifne
  Reason:
    Expected stackmap frame at this location.
  Bytecode:
    0x0000000: 033e 11ff ff36 0412 1011 0019 b800 162a
    0x0000010: b400 2c2b b600 4911 0019 3e11 0000 3604
    0x0000020: 9a00 2512 101d 1504 04b8 004d 11ff ff36
    0x0000030: 042a b400 2c2b b600 5111 0019 3e11 0001
    0x0000040: 3604 9900 621d 1100 19a0 001c 1504 1100
    0x0000050: 01a0 0014 1210 1d15 0404 b800 4d11 ffff
    0x0000060: 3604 a700 1615 049b 0011 1210 1d15 0403
    0x0000070: b800 4d11 ffff 3604 1210 1100 1ab8 0016
    0x0000080: 2ab4 002c 2bb6 0054 1210 1100 1bb8 0016
    0x0000090: 2ab4 0031 bb00 5659 2b2c b700 58b6 005a
    0x00000a0: 57a7 0026 1504 9b00 1112 101d 1504 03b8
    0x00000b0: 004d 11ff ff36 0412 1011 001d b800 16bb
    0x00000c0: 0045 59b7 005b bf12 1011 001f b800 16b1
    0x00000d0:                                        
  Stackmap Table:
    same_frame_extended(@128)
    same_frame(@191)
    same_frame(@207)

	at model.TestCreditAcount.whenATransactionIsMadeMoneyIsReservedForThatReservationButIsNotDebited(TestCreditAcount.java:23)
</error>
  </testcase>
  <testcase name="whenAPaymentIsCanceledTheValueReturnToTheCreditAcountOwner" classname="model.TestCreditAcount" time="0"/>
</testsuite>